# JRE version: Java(TM) SE Runtime Environment (8.0_05-b13) (build 1.8.0_05-b13)
# Java VM: Java HotSpot(TM) 64-Bit Server VM (25.5-b02 mixed mode windows-amd64 compressed oops)
Heap:
 PSYoungGen      total 194560K, used 182784K [0x00000000eab00000, 0x00000000f7c80000, 0x0000000100000000)
  eden space 182784K, 100% used [0x00000000eab00000,0x00000000f5d80000,0x00000000f5d80000)
  from space 11776K, 0% used [0x00000000f7100000,0x00000000f7100000,0x00000000f7c80000)
  to   space 15872K, 99% used [0x00000000f5d80000,0x00000000f6cfc010,0x00000000f6d00000)
 ParOldGen       total 64512K, used 57075K [0x00000000c0000000, 0x00000000c3f00000, 0x00000000eab00000)
  object space 64512K, 88% used [0x00000000c0000000,0x00000000c37bcda8,0x00000000c3f00000)
 Metaspace       used 47191K, capacity 50359K, committed 50688K, reserved 1091584K
  class space    used 6597K, capacity 7848K, committed 7936K, reserved 1048576K
GC Heap History (10 events):
Event: 55.168 GC heap after
Heap after GC invocations=32 (full 3):
 PSYoungGen      total 180736K, used 12799K [0x00000000eab00000, 0x00000000f8200000, 0x0000000100000000)
  eden space 167936K, 0% used [0x00000000eab00000,0x00000000eab00000,0x00000000f4f00000)
  from space 12800K, 99% used [0x00000000f4f00000,0x00000000f5b7fdd0,0x00000000f5b80000)
  to   space 17408K, 0% used [0x00000000f7100000,0x00000000f7100000,0x00000000f8200000)
 ParOldGen       total 39424K, used 35488K [0x00000000c0000000, 0x00000000c2680000, 0x00000000eab00000)
  object space 39424K, 90% used [0x00000000c0000000,0x00000000c22a8130,0x00000000c2680000)
 Metaspace       used 35189K, capacity 36886K, committed 37120K, reserved 1081344K
  class space    used 4928K, capacity 5537K, committed 5632K, reserved 1048576K
}
Event: 55.168 GC heap before
{Heap before GC invocations=33 (full 4):
 PSYoungGen      total 180736K, used 12799K [0x00000000eab00000, 0x00000000f8200000, 0x0000000100000000)
  eden space 167936K, 0% used [0x00000000eab00000,0x00000000eab00000,0x00000000f4f00000)
  from space 12800K, 99% used [0x00000000f4f00000,0x00000000f5b7fdd0,0x00000000f5b80000)
  to   space 17408K, 0% used [0x00000000f7100000,0x00000000f7100000,0x00000000f8200000)
 ParOldGen       total 39424K, used 35488K [0x00000000c0000000, 0x00000000c2680000, 0x00000000eab00000)
  object space 39424K, 90% used [0x00000000c0000000,0x00000000c22a8130,0x00000000c2680000)
 Metaspace       used 35189K, capacity 36886K, committed 37120K, reserved 1081344K
  class space    used 4928K, capacity 5537K, committed 5632K, reserved 1048576K
Event: 55.616 GC heap after
Heap after GC invocations=33 (full 4):
 PSYoungGen      total 180736K, used 7119K [0x00000000eab00000, 0x00000000f8200000, 0x0000000100000000)
  eden space 167936K, 0% used [0x00000000eab00000,0x00000000eab00000,0x00000000f4f00000)
  from space 12800K, 55% used [0x00000000f4f00000,0x00000000f55f3e88,0x00000000f5b80000)
  to   space 17408K, 0% used [0x00000000f7100000,0x00000000f7100000,0x00000000f8200000)
 ParOldGen       total 50176K, used 39168K [0x00000000c0000000, 0x00000000c3100000, 0x00000000eab00000)
  object space 50176K, 78% used [0x00000000c0000000,0x00000000c2640148,0x00000000c3100000)
 Metaspace       used 35189K, capacity 36886K, committed 37120K, reserved 1081344K
  class space    used 4928K, capacity 5537K, committed 5632K, reserved 1048576K
}
Event: 57.455 GC heap before
{Heap before GC invocations=34 (full 4):
 PSYoungGen      total 180736K, used 76595K [0x00000000eab00000, 0x00000000f8200000, 0x0000000100000000)
  eden space 167936K, 41% used [0x00000000eab00000,0x00000000eeed90b0,0x00000000f4f00000)
  from space 12800K, 55% used [0x00000000f4f00000,0x00000000f55f3e88,0x00000000f5b80000)
  to   space 17408K, 0% used [0x00000000f7100000,0x00000000f7100000,0x00000000f8200000)
 ParOldGen       total 50176K, used 39168K [0x00000000c0000000, 0x00000000c3100000, 0x00000000eab00000)
  object space 50176K, 78% used [0x00000000c0000000,0x00000000c2640148,0x00000000c3100000)
 Metaspace       used 36640K, capacity 38762K, committed 38784K, reserved 1081344K
  class space    used 5162K, capacity 5997K, committed 6016K, reserved 1048576K
Event: 57.763 GC heap after
Heap after GC invocations=34 (full 4):
 PSYoungGen      total 194560K, used 4670K [0x00000000eab00000, 0x00000000f7c80000, 0x0000000100000000)
  eden space 182784K, 0% used [0x00000000eab00000,0x00000000eab00000,0x00000000f5d80000)
  from space 11776K, 39% used [0x00000000f7100000,0x00000000f758fa90,0x00000000f7c80000)
  to   space 15872K, 0% used [0x00000000f5d80000,0x00000000f5d80000,0x00000000f6d00000)
 ParOldGen       total 50176K, used 46300K [0x00000000c0000000, 0x00000000c3100000, 0x00000000eab00000)
  object space 50176K, 92% used [0x00000000c0000000,0x00000000c2d37078,0x00000000c3100000)
 Metaspace       used 36640K, capacity 38762K, committed 38784K, reserved 1081344K
  class space    used 5162K, capacity 5997K, committed 6016K, reserved 1048576K
}
Event: 57.763 GC heap before
{Heap before GC invocations=35 (full 5):
 PSYoungGen      total 194560K, used 4670K [0x00000000eab00000, 0x00000000f7c80000, 0x0000000100000000)
  eden space 182784K, 0% used [0x00000000eab00000,0x00000000eab00000,0x00000000f5d80000)
  from space 11776K, 39% used [0x00000000f7100000,0x00000000f758fa90,0x00000000f7c80000)
  to   space 15872K, 0% used [0x00000000f5d80000,0x00000000f5d80000,0x00000000f6d00000)
 ParOldGen       total 50176K, used 46300K [0x00000000c0000000, 0x00000000c3100000, 0x00000000eab00000)
  object space 50176K, 92% used [0x00000000c0000000,0x00000000c2d37078,0x00000000c3100000)
 Metaspace       used 36640K, capacity 38762K, committed 38784K, reserved 1081344K
  class space    used 5162K, capacity 5997K, committed 6016K, reserved 1048576K
Event: 58.541 GC heap after
Heap after GC invocations=35 (full 5):
 PSYoungGen      total 194560K, used 0K [0x00000000eab00000, 0x00000000f7c80000, 0x0000000100000000)
  eden space 182784K, 0% used [0x00000000eab00000,0x00000000eab00000,0x00000000f5d80000)
  from space 11776K, 0% used [0x00000000f7100000,0x00000000f7100000,0x00000000f7c80000)
  to   space 15872K, 0% used [0x00000000f5d80000,0x00000000f5d80000,0x00000000f6d00000)
 ParOldGen       total 50176K, used 45887K [0x00000000c0000000, 0x00000000c3100000, 0x00000000eab00000)
  object space 50176K, 91% used [0x00000000c0000000,0x00000000c2ccfeb8,0x00000000c3100000)
 Metaspace       used 36640K, capacity 38762K, committed 38784K, reserved 1081344K
  class space    used 5162K, capacity 5997K, committed 6016K, reserved 1048576K
}
Event: 69.611 GC heap before
{Heap before GC invocations=36 (full 6):
 PSYoungGen      total 194560K, used 182784K [0x00000000eab00000, 0x00000000f7c80000, 0x0000000100000000)
  eden space 182784K, 100% used [0x00000000eab00000,0x00000000f5d80000,0x00000000f5d80000)
  from space 11776K, 0% used [0x00000000f7100000,0x00000000f7100000,0x00000000f7c80000)
  to   space 15872K, 0% used [0x00000000f5d80000,0x00000000f5d80000,0x00000000f6d00000)
 ParOldGen       total 50176K, used 45887K [0x00000000c0000000, 0x00000000c3100000, 0x00000000eab00000)
  object space 50176K, 91% used [0x00000000c0000000,0x00000000c2ccfeb8,0x00000000c3100000)
 Metaspace       used 41577K, capacity 44132K, committed 44288K, reserved 1087488K
  class space    used 5824K, capacity 6822K, committed 6912K, reserved 1048576K
Event: 71.714 GC heap after
Heap after GC invocations=36 (full 6):
 PSYoungGen      total 194560K, used 15616K [0x00000000eab00000, 0x00000000f7c80000, 0x0000000100000000)
  eden space 182784K, 8% used [0x00000000eab00000,0x00000000eba40380,0x00000000f5d80000)
  from space 11776K, 0% used [0x00000000f7100000,0x00000000f7100000,0x00000000f7c80000)
  to   space 15872K, 0% used [0x00000000f5d80000,0x00000000f5d80000,0x00000000f6d00000)
 ParOldGen       total 64512K, used 50116K [0x00000000c0000000, 0x00000000c3f00000, 0x00000000eab00000)
  object space 64512K, 77% used [0x00000000c0000000,0x00000000c30f1378,0x00000000c3f00000)
 Metaspace       used 41577K, capacity 44132K, committed 44288K, reserved 1087488K
  class space    used 5824K, capacity 6822K, committed 6912K, reserved 1048576K
}
Event: 1121.650 GC heap before
{Heap before GC invocations=37 (full 6):
 PSYoungGen      total 194560K, used 182784K [0x00000000eab00000, 0x00000000f7c80000, 0x0000000100000000)
  eden space 182784K, 100% used [0x00000000eab00000,0x00000000f5d80000,0x00000000f5d80000)
  from space 11776K, 0% used [0x00000000f7100000,0x00000000f7100000,0x00000000f7c80000)
  to   space 15872K, 0% used [0x00000000f5d80000,0x00000000f5d80000,0x00000000f6d00000)
 ParOldGen       total 64512K, used 50116K [0x00000000c0000000, 0x00000000c3f00000, 0x00000000eab00000)
  object space 64512K, 77% used [0x00000000c0000000,0x00000000c30f1378,0x00000000c3f00000)
 Metaspace       used 47191K, capacity 50359K, committed 50688K, reserved 1091584K
  class space    used 6597K, capacity 7848K, committed 7936K, reserved 1048576K

